<?xml version="1.0" encoding="UTF-8"?>
<testsuite name="it.poliba.sisinflab.protocowl.ProtocOWLTest" tests="11" skipped="0" failures="0" errors="0" timestamp="2026-09-22T12:38:28.964Z" hostname="Air-di-Mario.homenet.telecomitalia.it" time="0.039">
  <properties/>
  <testcase name="testHomeOntology" classname="it.poliba.sisinflab.protocowl.ProtocOWLTest" time="0.01"/>
  <testcase name="testNestedDataRangeWithFacetRestrictionInComplement" classname="it.poliba.sisinflab.protocowl.ProtocOWLTest" time="0.003"/>
  <testcase name="testPizzaOntology" classname="it.poliba.sisinflab.protocowl.ProtocOWLTest" time="0.019"/>
  <testcase name="testResetIdentifiersOnlyRestartsIdentifierIndexes" classname="it.poliba.sisinflab.protocowl.ProtocOWLTest" time="0.001"/>
  <testcase name="testResetNamespacesAndIdentifiersRestartsBothIndexes" classname="it.poliba.sisinflab.protocowl.ProtocOWLTest" time="0.0"/>
  <testcase name="testResetNamespacesOnlyKeepsIdentifiersAndRestartsNamespaceIndexes" classname="it.poliba.sisinflab.protocowl.ProtocOWLTest" time="0.001"/>
  <testcase name="testResetRejectsUndeclaredIdentifierReference" classname="it.poliba.sisinflab.protocowl.ProtocOWLTest" time="0.002"/>
  <testcase name="testResetRejectsUndeclaredNamespaceReference" classname="it.poliba.sisinflab.protocowl.ProtocOWLTest" time="0.001"/>
  <testcase name="testTruncatedInput" classname="it.poliba.sisinflab.protocowl.ProtocOWLTest" time="0.0"/>
  <testcase name="testUnsupportedFrame" classname="it.poliba.sisinflab.protocowl.ProtocOWLTest" time="0.001"/>
  <testcase name="testUnsupportedVersion" classname="it.poliba.sisinflab.protocowl.ProtocOWLTest" time="0.001"/>
  <system-out><![CDATA[]]></system-out>
  <system-err><![CDATA[=== LAST 20 FRAMES BEFORE ERROR ===
  FRAME: isLegacy=false, type=0x05 (5), utility=1, avail=16
  FRAME: isLegacy=false, type=0x02 (2), utility=2, avail=9
  FRAME: isLegacy=false, type=0x05 (5), utility=1, avail=8
  FRAME: isLegacy=false, type=0x06 (6), utility=0, avail=1
  FRAME: isLegacy=false, type=0x04 (4), utility=0, avail=64
  FRAME: isLegacy=false, type=0x05 (5), utility=1, avail=42
  FRAME: isLegacy=false, type=0x02 (2), utility=3, avail=35
  FRAME: isLegacy=false, type=0x04 (4), utility=0, avail=34
  FRAME: isLegacy=false, type=0x05 (5), utility=1, avail=8
  FRAME: isLegacy=false, type=0x06 (6), utility=0, avail=1
  FRAME: isLegacy=false, type=0x04 (4), utility=0, avail=64
  FRAME: isLegacy=false, type=0x05 (5), utility=1, avail=42
  FRAME: isLegacy=false, type=0x02 (2), utility=1, avail=35
  FRAME: isLegacy=false, type=0x04 (4), utility=0, avail=34
  FRAME: isLegacy=false, type=0x05 (5), utility=1, avail=8
  FRAME: isLegacy=false, type=0x06 (6), utility=0, avail=1
  FRAME: isLegacy=false, type=0x04 (4), utility=0, avail=31
  FRAME: isLegacy=false, type=0x05 (5), utility=1, avail=9
  FRAME: isLegacy=false, type=0x02 (2), utility=2, avail=2
  FRAME: isLegacy=false, type=0x06 (6), utility=0, avail=1
=== LAST 5 AXIOMS BEFORE ERROR ===
  SubClassOf(<http://www.co-ode.org/ontologies/pizza/pizza.owl#Food> <http://www.co-ode.org/ontologies/pizza/pizza.owl#DomainConcept>)
  SubClassOf(<http://www.co-ode.org/ontologies/pizza/pizza.owl#Cajun> ObjectSomeValuesFrom(<http://www.co-ode.org/ontologies/pizza/pizza.owl#hasTopping> <http://www.co-ode.org/ontologies/pizza/pizza.owl#TomatoTopping>))
  SubClassOf(<http://www.co-ode.org/ontologies/pizza/pizza.owl#PrinceCarlo> ObjectSomeValuesFrom(<http://www.co-ode.org/ontologies/pizza/pizza.owl#hasTopping> <http://www.co-ode.org/ontologies/pizza/pizza.owl#LeekTopping>))
  SubClassOf(<http://www.co-ode.org/ontologies/pizza/pizza.owl#ParmesanTopping> ObjectSomeValuesFrom(<http://www.co-ode.org/ontologies/pizza/pizza.owl#hasSpiciness> <http://www.co-ode.org/ontologies/pizza/pizza.owl#Mild>))
  SubClassOf(<http://www.co-ode.org/ontologies/pizza/pizza.owl#MixedSeafoodTopping> <http://www.co-ode.org/ontologies/pizza/pizza.owl#FishTopping>)
=== LAST 20 FRAMES BEFORE ERROR ===
  FRAME: isLegacy=false, type=0x04 (4), utility=0, avail=64
  FRAME: isLegacy=false, type=0x05 (5), utility=1, avail=42
  FRAME: isLegacy=false, type=0x02 (2), utility=3, avail=35
  FRAME: isLegacy=false, type=0x04 (4), utility=0, avail=34
  FRAME: isLegacy=false, type=0x05 (5), utility=1, avail=8
  FRAME: isLegacy=false, type=0x06 (6), utility=0, avail=1
  FRAME: isLegacy=false, type=0x04 (4), utility=0, avail=64
  FRAME: isLegacy=false, type=0x05 (5), utility=1, avail=42
  FRAME: isLegacy=false, type=0x02 (2), utility=1, avail=35
  FRAME: isLegacy=false, type=0x04 (4), utility=0, avail=34
  FRAME: isLegacy=false, type=0x05 (5), utility=1, avail=8
  FRAME: isLegacy=false, type=0x06 (6), utility=0, avail=1
  FRAME: isLegacy=false, type=0x04 (4), utility=0, avail=31
  FRAME: isLegacy=false, type=0x05 (5), utility=1, avail=9
  FRAME: isLegacy=false, type=0x02 (2), utility=2, avail=2
  FRAME: isLegacy=false, type=0x06 (6), utility=0, avail=1
  FRAME: isLegacy=false, type=0x04 (4), utility=0, avail=38
  FRAME: isLegacy=false, type=0x05 (5), utility=1, avail=16
  FRAME: isLegacy=false, type=0x02 (2), utility=1, avail=9
  FRAME: isLegacy=false, type=0x05 (5), utility=1, avail=8
=== LAST 5 AXIOMS BEFORE ERROR ===
  SubClassOf(<http://www.co-ode.org/ontologies/pizza/pizza.owl#Food> <http://www.co-ode.org/ontologies/pizza/pizza.owl#DomainConcept>)
  SubClassOf(<http://www.co-ode.org/ontologies/pizza/pizza.owl#Cajun> ObjectSomeValuesFrom(<http://www.co-ode.org/ontologies/pizza/pizza.owl#hasTopping> <http://www.co-ode.org/ontologies/pizza/pizza.owl#TomatoTopping>))
  SubClassOf(<http://www.co-ode.org/ontologies/pizza/pizza.owl#PrinceCarlo> ObjectSomeValuesFrom(<http://www.co-ode.org/ontologies/pizza/pizza.owl#hasTopping> <http://www.co-ode.org/ontologies/pizza/pizza.owl#LeekTopping>))
  SubClassOf(<http://www.co-ode.org/ontologies/pizza/pizza.owl#ParmesanTopping> ObjectSomeValuesFrom(<http://www.co-ode.org/ontologies/pizza/pizza.owl#hasSpiciness> <http://www.co-ode.org/ontologies/pizza/pizza.owl#Mild>))
  SubClassOf(<http://www.co-ode.org/ontologies/pizza/pizza.owl#MixedSeafoodTopping> <http://www.co-ode.org/ontologies/pizza/pizza.owl#FishTopping>)
=== LAST 20 FRAMES BEFORE ERROR ===
  FRAME: isLegacy=false, type=0x05 (5), utility=1, avail=42
  FRAME: isLegacy=false, type=0x02 (2), utility=3, avail=35
  FRAME: isLegacy=false, type=0x04 (4), utility=0, avail=34
  FRAME: isLegacy=false, type=0x05 (5), utility=1, avail=8
  FRAME: isLegacy=false, type=0x06 (6), utility=0, avail=1
  FRAME: isLegacy=false, type=0x04 (4), utility=0, avail=64
  FRAME: isLegacy=false, type=0x05 (5), utility=1, avail=42
  FRAME: isLegacy=false, type=0x02 (2), utility=1, avail=35
  FRAME: isLegacy=false, type=0x04 (4), utility=0, avail=34
  FRAME: isLegacy=false, type=0x05 (5), utility=1, avail=8
  FRAME: isLegacy=false, type=0x06 (6), utility=0, avail=1
  FRAME: isLegacy=false, type=0x04 (4), utility=0, avail=31
  FRAME: isLegacy=false, type=0x05 (5), utility=1, avail=9
  FRAME: isLegacy=false, type=0x02 (2), utility=2, avail=2
  FRAME: isLegacy=false, type=0x06 (6), utility=0, avail=1
  FRAME: isLegacy=false, type=0x04 (4), utility=0, avail=38
  FRAME: isLegacy=false, type=0x05 (5), utility=1, avail=16
  FRAME: isLegacy=false, type=0x02 (2), utility=1, avail=9
  FRAME: isLegacy=false, type=0x05 (5), utility=1, avail=8
  FRAME: isLegacy=false, type=0x04 (4), utility=0, avail=1
=== LAST 5 AXIOMS BEFORE ERROR ===
  SubClassOf(<http://www.co-ode.org/ontologies/pizza/pizza.owl#Food> <http://www.co-ode.org/ontologies/pizza/pizza.owl#DomainConcept>)
  SubClassOf(<http://www.co-ode.org/ontologies/pizza/pizza.owl#Cajun> ObjectSomeValuesFrom(<http://www.co-ode.org/ontologies/pizza/pizza.owl#hasTopping> <http://www.co-ode.org/ontologies/pizza/pizza.owl#TomatoTopping>))
  SubClassOf(<http://www.co-ode.org/ontologies/pizza/pizza.owl#PrinceCarlo> ObjectSomeValuesFrom(<http://www.co-ode.org/ontologies/pizza/pizza.owl#hasTopping> <http://www.co-ode.org/ontologies/pizza/pizza.owl#LeekTopping>))
  SubClassOf(<http://www.co-ode.org/ontologies/pizza/pizza.owl#ParmesanTopping> ObjectSomeValuesFrom(<http://www.co-ode.org/ontologies/pizza/pizza.owl#hasSpiciness> <http://www.co-ode.org/ontologies/pizza/pizza.owl#Mild>))
  SubClassOf(<http://www.co-ode.org/ontologies/pizza/pizza.owl#MixedSeafoodTopping> <http://www.co-ode.org/ontologies/pizza/pizza.owl#FishTopping>)
TRACE: FRAME at pos 1 (avail 0): 0x3F (type=63, util=0)
TRACE: MODERN/FALLBACK FRAME: 0x3F (63), utility=0, avail=0, axioms=0
=== LAST 20 FRAMES BEFORE ERROR ===
  FRAME: isLegacy=false, type=0x02 (2), utility=3, avail=35
  FRAME: isLegacy=false, type=0x04 (4), utility=0, avail=34
  FRAME: isLegacy=false, type=0x05 (5), utility=1, avail=8
  FRAME: isLegacy=false, type=0x06 (6), utility=0, avail=1
  FRAME: isLegacy=false, type=0x04 (4), utility=0, avail=64
  FRAME: isLegacy=false, type=0x05 (5), utility=1, avail=42
  FRAME: isLegacy=false, type=0x02 (2), utility=1, avail=35
  FRAME: isLegacy=false, type=0x04 (4), utility=0, avail=34
  FRAME: isLegacy=false, type=0x05 (5), utility=1, avail=8
  FRAME: isLegacy=false, type=0x06 (6), utility=0, avail=1
  FRAME: isLegacy=false, type=0x04 (4), utility=0, avail=31
  FRAME: isLegacy=false, type=0x05 (5), utility=1, avail=9
  FRAME: isLegacy=false, type=0x02 (2), utility=2, avail=2
  FRAME: isLegacy=false, type=0x06 (6), utility=0, avail=1
  FRAME: isLegacy=false, type=0x04 (4), utility=0, avail=38
  FRAME: isLegacy=false, type=0x05 (5), utility=1, avail=16
  FRAME: isLegacy=false, type=0x02 (2), utility=1, avail=9
  FRAME: isLegacy=false, type=0x05 (5), utility=1, avail=8
  FRAME: isLegacy=false, type=0x04 (4), utility=0, avail=1
  FRAME: isLegacy=false, type=0x3F (63), utility=0, avail=0
=== LAST 5 AXIOMS BEFORE ERROR ===
  SubClassOf(<http://www.co-ode.org/ontologies/pizza/pizza.owl#Food> <http://www.co-ode.org/ontologies/pizza/pizza.owl#DomainConcept>)
  SubClassOf(<http://www.co-ode.org/ontologies/pizza/pizza.owl#Cajun> ObjectSomeValuesFrom(<http://www.co-ode.org/ontologies/pizza/pizza.owl#hasTopping> <http://www.co-ode.org/ontologies/pizza/pizza.owl#TomatoTopping>))
  SubClassOf(<http://www.co-ode.org/ontologies/pizza/pizza.owl#PrinceCarlo> ObjectSomeValuesFrom(<http://www.co-ode.org/ontologies/pizza/pizza.owl#hasTopping> <http://www.co-ode.org/ontologies/pizza/pizza.owl#LeekTopping>))
  SubClassOf(<http://www.co-ode.org/ontologies/pizza/pizza.owl#ParmesanTopping> ObjectSomeValuesFrom(<http://www.co-ode.org/ontologies/pizza/pizza.owl#hasSpiciness> <http://www.co-ode.org/ontologies/pizza/pizza.owl#Mild>))
  SubClassOf(<http://www.co-ode.org/ontologies/pizza/pizza.owl#MixedSeafoodTopping> <http://www.co-ode.org/ontologies/pizza/pizza.owl#FishTopping>)
]]></system-err>
</testsuite>
